==31809== Memcheck, a memory error detector
==31809== Copyright (C) 2002-2017, and GNU GPL'd, by Julian Seward et al.
==31809== Using Valgrind-3.18.1 and LibVEX; rerun with -h for copyright info
==31809== Command: /home/wall/projects/Web/WittyApp/WittyApp/Layout/build/unitTest/TableLayoutWt/TableLayoutWt --http-address 0.0.0.0 --http-port 8080 --docroot=/home/wall/projects/Web/WittyApp/WittyApp/sources/docroot --approot=/home/wall/projects/Web/WittyApp/WittyApp/sources/approot --resources-dir=/home/wall/projects/Web/WittyApp/WittyApp/sources/resources
==31809== Parent PID: 31808
==31809== 
==31809== 
==31809== HEAP SUMMARY:
==31809==     in use at exit: 39,236 bytes in 258 blocks
==31809==   total heap usage: 14,888 allocs, 14,630 frees, 4,673,873 bytes allocated
==31809== 
==31809== LEAK SUMMARY:
==31809==    definitely lost: 0 bytes in 0 blocks
==31809==    indirectly lost: 0 bytes in 0 blocks
==31809==      possibly lost: 0 bytes in 0 blocks
==31809==    still reachable: 37,220 bytes in 237 blocks
==31809==         suppressed: 0 bytes in 0 blocks
==31809== Reachable blocks (those to which a pointer was found) are not shown.
==31809== To see them, rerun with: --leak-check=full --show-leak-kinds=all
==31809== 
==31809== For lists of detected and suppressed errors, rerun with: -s
==31809== ERROR SUMMARY: 0 errors from 0 contexts (suppressed: 0 from 0)
